<?xml version="1.0" encoding="UTF-8"?>
<testng-results ignored="0" total="1" passed="1" failed="0" skipped="0">
  <reporter-output>
  </reporter-output>
  <suite started-at="2022-11-10T14:51:38 IST" name="Default suite" finished-at="2022-11-10T14:51:52 IST" duration-ms="13892">
    <groups>
    </groups>
    <test started-at="2022-11-10T14:51:38 IST" name="Default test" finished-at="2022-11-10T14:51:52 IST" duration-ms="13892">
      <class name="testcases.VerfiyProductsInCart">
        <test-method is-config="true" signature="LaunchURL()[pri:0, instance:testcases.VerfiyProductsInCart@59fd97a8]" started-at="2022-11-10T14:51:38 IST" name="LaunchURL" finished-at="2022-11-10T14:51:43 IST" duration-ms="5425" status="PASS">
          <reporter-output>
          </reporter-output>
        </test-method> <!-- LaunchURL -->
        <test-method signature="login()[pri:0, instance:testcases.VerfiyProductsInCart@59fd97a8]" started-at="2022-11-10T14:51:43 IST" name="login" finished-at="2022-11-10T14:51:52 IST" duration-ms="8434" status="PASS">
          <reporter-output>
          </reporter-output>
        </test-method> <!-- login -->
      </class> <!-- testcases.VerfiyProductsInCart -->
    </test> <!-- Default test -->
  </suite> <!-- Default suite -->
</testng-results>
